{"/Users/norbadboy/Documents/Front-end/2022-2023/Listing - QA/agency-api.noroff.dev/src/app.js": {"path":"/Users/norbadboy/Documents/Front-end/2022-2023/Listing - QA/agency-api.noroff.dev/src/app.js","statementMap":{"0":{"start":{"line":8,"column":0},"end":{"line":8,"column":16}},"1":{"start":{"line":10,"column":12},"end":{"line":10,"column":21}},"2":{"start":{"line":11,"column":13},"end":{"line":11,"column":29}},"3":{"start":{"line":13,"column":0},"end":{"line":17,"column":2}},"4":{"start":{"line":19,"column":0},"end":{"line":19,"column":31}},"5":{"start":{"line":20,"column":0},"end":{"line":20,"column":45}},"6":{"start":{"line":21,"column":0},"end":{"line":21,"column":37}},"7":{"start":{"line":22,"column":0},"end":{"line":22,"column":33}},"8":{"start":{"line":24,"column":15},"end":{"line":24,"column":98}},"9":{"start":{"line":24,"column":38},"end":{"line":24,"column":97}}},"fnMap":{"0":{"name":"(anonymous_0)","decl":{"start":{"line":24,"column":32},"end":{"line":24,"column":33}},"loc":{"start":{"line":24,"column":38},"end":{"line":24,"column":97}},"line":24}},"branchMap":{},"s":{"0":1,"1":1,"2":1,"3":1,"4":1,"5":1,"6":1,"7":1,"8":1,"9":1},"f":{"0":1},"b":{},"_coverageSchema":"1a1c01bbd47fc00a2c39e90264f33305004495a9","hash":"6e4b9d362cbf34298344f85bb8f1b7a96aad1383"}
,"/Users/norbadboy/Documents/Front-end/2022-2023/Listing - QA/agency-api.noroff.dev/src/prismaClient.js": {"path":"/Users/norbadboy/Documents/Front-end/2022-2023/Listing - QA/agency-api.noroff.dev/src/prismaClient.js","statementMap":{"0":{"start":{"line":2,"column":30},"end":{"line":2,"column":48}}},"fnMap":{},"branchMap":{},"s":{"0":1},"f":{},"b":{},"_coverageSchema":"1a1c01bbd47fc00a2c39e90264f33305004495a9","hash":"c94076aa35b69224e77a6e6cc6a607554c065bf1"}
,"/Users/norbadboy/Documents/Front-end/2022-2023/Listing - QA/agency-api.noroff.dev/src/modules/application/routes.js": {"path":"/Users/norbadboy/Documents/Front-end/2022-2023/Listing - QA/agency-api.noroff.dev/src/modules/application/routes.js","statementMap":{"0":{"start":{"line":4,"column":34},"end":{"line":4,"column":50}},"1":{"start":{"line":7,"column":0},"end":{"line":9,"column":3}},"2":{"start":{"line":8,"column":2},"end":{"line":8,"column":38}}},"fnMap":{"0":{"name":"(anonymous_0)","decl":{"start":{"line":7,"column":28},"end":{"line":7,"column":29}},"loc":{"start":{"line":7,"column":48},"end":{"line":9,"column":1}},"line":7}},"branchMap":{},"s":{"0":1,"1":1,"2":0},"f":{"0":0},"b":{},"_coverageSchema":"1a1c01bbd47fc00a2c39e90264f33305004495a9","hash":"11dcd641081d02c3d9f8a410e56afbe3c310e012"}
,"/Users/norbadboy/Documents/Front-end/2022-2023/Listing - QA/agency-api.noroff.dev/src/modules/listing/routes.js": {"path":"/Users/norbadboy/Documents/Front-end/2022-2023/Listing - QA/agency-api.noroff.dev/src/modules/listing/routes.js","statementMap":{"0":{"start":{"line":4,"column":30},"end":{"line":4,"column":46}},"1":{"start":{"line":8,"column":0},"end":{"line":44,"column":5}},"2":{"start":{"line":10,"column":4},"end":{"line":19,"column":5}},"3":{"start":{"line":12,"column":23},"end":{"line":12,"column":62}},"4":{"start":{"line":15,"column":6},"end":{"line":15,"column":37}},"5":{"start":{"line":18,"column":6},"end":{"line":18,"column":84}},"6":{"start":{"line":22,"column":4},"end":{"line":43,"column":5}},"7":{"start":{"line":24,"column":20},"end":{"line":24,"column":33}},"8":{"start":{"line":26,"column":28},"end":{"line":30,"column":8}},"9":{"start":{"line":33,"column":6},"end":{"line":38,"column":7}},"10":{"start":{"line":35,"column":8},"end":{"line":37,"column":81}},"11":{"start":{"line":40,"column":6},"end":{"line":40,"column":42}},"12":{"start":{"line":42,"column":6},"end":{"line":42,"column":84}},"13":{"start":{"line":47,"column":0},"end":{"line":75,"column":3}},"14":{"start":{"line":48,"column":2},"end":{"line":74,"column":3}},"15":{"start":{"line":49,"column":75},"end":{"line":49,"column":83}},"16":{"start":{"line":51,"column":16},"end":{"line":51,"column":36}},"17":{"start":{"line":52,"column":18},"end":{"line":52,"column":52}},"18":{"start":{"line":54,"column":4},"end":{"line":71,"column":5}},"19":{"start":{"line":55,"column":6},"end":{"line":55,"column":85}},"20":{"start":{"line":56,"column":11},"end":{"line":71,"column":5}},"21":{"start":{"line":57,"column":21},"end":{"line":66,"column":8}},"22":{"start":{"line":68,"column":6},"end":{"line":68,"column":35}},"23":{"start":{"line":70,"column":6},"end":{"line":70,"column":78}},"24":{"start":{"line":73,"column":4},"end":{"line":73,"column":46}},"25":{"start":{"line":78,"column":0},"end":{"line":110,"column":3}},"26":{"start":{"line":79,"column":17},"end":{"line":79,"column":27}},"27":{"start":{"line":80,"column":23},"end":{"line":80,"column":31}},"28":{"start":{"line":82,"column":14},"end":{"line":82,"column":34}},"29":{"start":{"line":83,"column":16},"end":{"line":83,"column":50}},"30":{"start":{"line":84,"column":2},"end":{"line":84,"column":21}},"31":{"start":{"line":86,"column":2},"end":{"line":109,"column":3}},"32":{"start":{"line":87,"column":21},"end":{"line":95,"column":6}},"33":{"start":{"line":96,"column":4},"end":{"line":106,"column":5}},"34":{"start":{"line":97,"column":6},"end":{"line":101,"column":9}},"35":{"start":{"line":103,"column":6},"end":{"line":105,"column":9}},"36":{"start":{"line":108,"column":4},"end":{"line":108,"column":71}},"37":{"start":{"line":113,"column":0},"end":{"line":124,"column":3}},"38":{"start":{"line":114,"column":2},"end":{"line":123,"column":3}},"39":{"start":{"line":115,"column":4},"end":{"line":119,"column":7}},"40":{"start":{"line":120,"column":4},"end":{"line":120,"column":88}},"41":{"start":{"line":122,"column":4},"end":{"line":122,"column":51}},"42":{"start":{"line":135,"column":2},"end":{"line":147,"column":3}},"43":{"start":{"line":136,"column":4},"end":{"line":140,"column":7}},"44":{"start":{"line":141,"column":4},"end":{"line":144,"column":5}},"45":{"start":{"line":143,"column":6},"end":{"line":143,"column":99}},"46":{"start":{"line":146,"column":4},"end":{"line":146,"column":58}},"47":{"start":{"line":149,"column":2},"end":{"line":149,"column":24}},"48":{"start":{"line":150,"column":2},"end":{"line":150,"column":9}}},"fnMap":{"0":{"name":"(anonymous_0)","decl":{"start":{"line":9,"column":12},"end":{"line":9,"column":13}},"loc":{"start":{"line":9,"column":32},"end":{"line":20,"column":3}},"line":9},"1":{"name":"(anonymous_1)","decl":{"start":{"line":21,"column":15},"end":{"line":21,"column":16}},"loc":{"start":{"line":21,"column":41},"end":{"line":44,"column":3}},"line":21},"2":{"name":"(anonymous_2)","decl":{"start":{"line":47,"column":25},"end":{"line":47,"column":26}},"loc":{"start":{"line":47,"column":45},"end":{"line":75,"column":1}},"line":47},"3":{"name":"(anonymous_3)","decl":{"start":{"line":78,"column":27},"end":{"line":78,"column":28}},"loc":{"start":{"line":78,"column":47},"end":{"line":110,"column":1}},"line":78},"4":{"name":"(anonymous_4)","decl":{"start":{"line":113,"column":42},"end":{"line":113,"column":43}},"loc":{"start":{"line":113,"column":62},"end":{"line":124,"column":1}},"line":113},"5":{"name":"getListing","decl":{"start":{"line":133,"column":15},"end":{"line":133,"column":25}},"loc":{"start":{"line":133,"column":42},"end":{"line":151,"column":1}},"line":133}},"branchMap":{"0":{"loc":{"start":{"line":33,"column":6},"end":{"line":38,"column":7}},"type":"if","locations":[{"start":{"line":33,"column":6},"end":{"line":38,"column":7}},{"start":{},"end":{}}],"line":33},"1":{"loc":{"start":{"line":54,"column":4},"end":{"line":71,"column":5}},"type":"if","locations":[{"start":{"line":54,"column":4},"end":{"line":71,"column":5}},{"start":{"line":56,"column":11},"end":{"line":71,"column":5}}],"line":54},"2":{"loc":{"start":{"line":56,"column":11},"end":{"line":71,"column":5}},"type":"if","locations":[{"start":{"line":56,"column":11},"end":{"line":71,"column":5}},{"start":{"line":69,"column":11},"end":{"line":71,"column":5}}],"line":56},"3":{"loc":{"start":{"line":56,"column":15},"end":{"line":56,"column":83}},"type":"binary-expr","locations":[{"start":{"line":56,"column":15},"end":{"line":56,"column":20}},{"start":{"line":56,"column":24},"end":{"line":56,"column":28}},{"start":{"line":56,"column":32},"end":{"line":56,"column":43}},{"start":{"line":56,"column":47},"end":{"line":56,"column":59}},{"start":{"line":56,"column":63},"end":{"line":56,"column":71}},{"start":{"line":56,"column":75},"end":{"line":56,"column":83}}],"line":56},"4":{"loc":{"start":{"line":96,"column":4},"end":{"line":106,"column":5}},"type":"if","locations":[{"start":{"line":96,"column":4},"end":{"line":106,"column":5}},{"start":{"line":102,"column":11},"end":{"line":106,"column":5}}],"line":96},"5":{"loc":{"start":{"line":141,"column":4},"end":{"line":144,"column":5}},"type":"if","locations":[{"start":{"line":141,"column":4},"end":{"line":144,"column":5}},{"start":{},"end":{}}],"line":141}},"s":{"0":1,"1":1,"2":1,"3":1,"4":1,"5":0,"6":2,"7":2,"8":2,"9":2,"10":1,"11":1,"12":0,"13":1,"14":1,"15":1,"16":1,"17":1,"18":1,"19":0,"20":1,"21":1,"22":1,"23":0,"24":0,"25":1,"26":2,"27":2,"28":2,"29":2,"30":2,"31":2,"32":2,"33":2,"34":2,"35":0,"36":0,"37":1,"38":1,"39":1,"40":1,"41":0,"42":1,"43":1,"44":1,"45":0,"46":0,"47":1,"48":1},"f":{"0":1,"1":2,"2":1,"3":2,"4":1,"5":1},"b":{"0":[1,1],"1":[0,1],"2":[1,0],"3":[1,1,1,1,1,1],"4":[2,0],"5":[0,1]},"_coverageSchema":"1a1c01bbd47fc00a2c39e90264f33305004495a9","hash":"9e4c431cf90e50df0e1933e8a8bd5408475c3ba8"}
,"/Users/norbadboy/Documents/Front-end/2022-2023/Listing - QA/agency-api.noroff.dev/src/modules/offer/routes.js": {"path":"/Users/norbadboy/Documents/Front-end/2022-2023/Listing - QA/agency-api.noroff.dev/src/modules/offer/routes.js","statementMap":{"0":{"start":{"line":4,"column":28},"end":{"line":4,"column":44}},"1":{"start":{"line":7,"column":0},"end":{"line":9,"column":3}},"2":{"start":{"line":8,"column":2},"end":{"line":8,"column":41}}},"fnMap":{"0":{"name":"(anonymous_0)","decl":{"start":{"line":7,"column":22},"end":{"line":7,"column":23}},"loc":{"start":{"line":7,"column":42},"end":{"line":9,"column":1}},"line":7}},"branchMap":{},"s":{"0":1,"1":1,"2":0},"f":{"0":0},"b":{},"_coverageSchema":"1a1c01bbd47fc00a2c39e90264f33305004495a9","hash":"2b3a53d9d4709171d31020b233b291a79ac4dc26"}
,"/Users/norbadboy/Documents/Front-end/2022-2023/Listing - QA/agency-api.noroff.dev/src/modules/user/routes.js": {"path":"/Users/norbadboy/Documents/Front-end/2022-2023/Listing - QA/agency-api.noroff.dev/src/modules/user/routes.js","statementMap":{"0":{"start":{"line":4,"column":27},"end":{"line":4,"column":43}},"1":{"start":{"line":7,"column":0},"end":{"line":25,"column":3}},"2":{"start":{"line":8,"column":2},"end":{"line":24,"column":3}},"3":{"start":{"line":9,"column":53},"end":{"line":9,"column":61}},"4":{"start":{"line":10,"column":19},"end":{"line":18,"column":6}},"5":{"start":{"line":20,"column":4},"end":{"line":20,"column":21}},"6":{"start":{"line":22,"column":4},"end":{"line":22,"column":21}},"7":{"start":{"line":23,"column":4},"end":{"line":23,"column":34}},"8":{"start":{"line":28,"column":0},"end":{"line":28,"column":51}},"9":{"start":{"line":31,"column":0},"end":{"line":34,"column":3}},"10":{"start":{"line":32,"column":16},"end":{"line":32,"column":52}},"11":{"start":{"line":33,"column":2},"end":{"line":33,"column":18}},"12":{"start":{"line":37,"column":0},"end":{"line":37,"column":48}},"13":{"start":{"line":40,"column":0},"end":{"line":40,"column":48}},"14":{"start":{"line":43,"column":0},"end":{"line":43,"column":51}}},"fnMap":{"0":{"name":"(anonymous_0)","decl":{"start":{"line":7,"column":22},"end":{"line":7,"column":23}},"loc":{"start":{"line":7,"column":42},"end":{"line":25,"column":1}},"line":7},"1":{"name":"(anonymous_1)","decl":{"start":{"line":28,"column":27},"end":{"line":28,"column":28}},"loc":{"start":{"line":28,"column":47},"end":{"line":28,"column":49}},"line":28},"2":{"name":"(anonymous_2)","decl":{"start":{"line":31,"column":21},"end":{"line":31,"column":22}},"loc":{"start":{"line":31,"column":41},"end":{"line":34,"column":1}},"line":31},"3":{"name":"(anonymous_3)","decl":{"start":{"line":37,"column":24},"end":{"line":37,"column":25}},"loc":{"start":{"line":37,"column":44},"end":{"line":37,"column":46}},"line":37},"4":{"name":"(anonymous_4)","decl":{"start":{"line":40,"column":24},"end":{"line":40,"column":25}},"loc":{"start":{"line":40,"column":44},"end":{"line":40,"column":46}},"line":40},"5":{"name":"(anonymous_5)","decl":{"start":{"line":43,"column":27},"end":{"line":43,"column":28}},"loc":{"start":{"line":43,"column":47},"end":{"line":43,"column":49}},"line":43}},"branchMap":{},"s":{"0":1,"1":1,"2":0,"3":0,"4":0,"5":0,"6":0,"7":0,"8":1,"9":1,"10":0,"11":0,"12":1,"13":1,"14":1},"f":{"0":0,"1":0,"2":0,"3":0,"4":0,"5":0},"b":{},"_coverageSchema":"1a1c01bbd47fc00a2c39e90264f33305004495a9","hash":"7116c7d79276bddc688a000a18af997eccd237fa"}
}
