{"/Users/norbadboy/Documents/Front-end/2022-2023/Listing - QA/agency-api.noroff.dev/src/app.js": {"path":"/Users/norbadboy/Documents/Front-end/2022-2023/Listing - QA/agency-api.noroff.dev/src/app.js","statementMap":{"0":{"start":{"line":8,"column":0},"end":{"line":8,"column":16}},"1":{"start":{"line":10,"column":12},"end":{"line":10,"column":21}},"2":{"start":{"line":11,"column":13},"end":{"line":11,"column":29}},"3":{"start":{"line":13,"column":0},"end":{"line":17,"column":2}},"4":{"start":{"line":19,"column":0},"end":{"line":19,"column":31}},"5":{"start":{"line":20,"column":0},"end":{"line":20,"column":45}},"6":{"start":{"line":21,"column":0},"end":{"line":21,"column":37}},"7":{"start":{"line":22,"column":0},"end":{"line":22,"column":33}},"8":{"start":{"line":24,"column":15},"end":{"line":24,"column":98}},"9":{"start":{"line":24,"column":38},"end":{"line":24,"column":97}}},"fnMap":{"0":{"name":"(anonymous_0)","decl":{"start":{"line":24,"column":32},"end":{"line":24,"column":33}},"loc":{"start":{"line":24,"column":38},"end":{"line":24,"column":97}},"line":24}},"branchMap":{},"s":{"0":1,"1":1,"2":1,"3":1,"4":1,"5":1,"6":1,"7":1,"8":1,"9":1},"f":{"0":1},"b":{},"_coverageSchema":"1a1c01bbd47fc00a2c39e90264f33305004495a9","hash":"6e4b9d362cbf34298344f85bb8f1b7a96aad1383"}
,"/Users/norbadboy/Documents/Front-end/2022-2023/Listing - QA/agency-api.noroff.dev/src/prismaClient.js": {"path":"/Users/norbadboy/Documents/Front-end/2022-2023/Listing - QA/agency-api.noroff.dev/src/prismaClient.js","statementMap":{"0":{"start":{"line":2,"column":30},"end":{"line":2,"column":48}}},"fnMap":{},"branchMap":{},"s":{"0":1},"f":{},"b":{},"_coverageSchema":"1a1c01bbd47fc00a2c39e90264f33305004495a9","hash":"c94076aa35b69224e77a6e6cc6a607554c065bf1"}
,"/Users/norbadboy/Documents/Front-end/2022-2023/Listing - QA/agency-api.noroff.dev/src/modules/application/routes.js": {"path":"/Users/norbadboy/Documents/Front-end/2022-2023/Listing - QA/agency-api.noroff.dev/src/modules/application/routes.js","statementMap":{"0":{"start":{"line":4,"column":34},"end":{"line":4,"column":50}},"1":{"start":{"line":7,"column":0},"end":{"line":9,"column":3}},"2":{"start":{"line":8,"column":2},"end":{"line":8,"column":38}}},"fnMap":{"0":{"name":"(anonymous_0)","decl":{"start":{"line":7,"column":28},"end":{"line":7,"column":29}},"loc":{"start":{"line":7,"column":48},"end":{"line":9,"column":1}},"line":7}},"branchMap":{},"s":{"0":1,"1":1,"2":0},"f":{"0":0},"b":{},"_coverageSchema":"1a1c01bbd47fc00a2c39e90264f33305004495a9","hash":"11dcd641081d02c3d9f8a410e56afbe3c310e012"}
,"/Users/norbadboy/Documents/Front-end/2022-2023/Listing - QA/agency-api.noroff.dev/src/modules/listing/routes.js": {"path":"/Users/norbadboy/Documents/Front-end/2022-2023/Listing - QA/agency-api.noroff.dev/src/modules/listing/routes.js","statementMap":{"0":{"start":{"line":5,"column":30},"end":{"line":5,"column":46}},"1":{"start":{"line":8,"column":0},"end":{"line":11,"column":3}},"2":{"start":{"line":9,"column":15},"end":{"line":9,"column":54}},"3":{"start":{"line":10,"column":2},"end":{"line":10,"column":17}},"4":{"start":{"line":16,"column":0},"end":{"line":27,"column":3}},"5":{"start":{"line":17,"column":2},"end":{"line":26,"column":3}},"6":{"start":{"line":18,"column":4},"end":{"line":22,"column":7}},"7":{"start":{"line":23,"column":4},"end":{"line":23,"column":88}},"8":{"start":{"line":25,"column":4},"end":{"line":25,"column":51}},"9":{"start":{"line":30,"column":0},"end":{"line":66,"column":3}},"10":{"start":{"line":31,"column":17},"end":{"line":31,"column":27}},"11":{"start":{"line":32,"column":23},"end":{"line":32,"column":31}},"12":{"start":{"line":34,"column":14},"end":{"line":34,"column":34}},"13":{"start":{"line":35,"column":22},"end":{"line":35,"column":50}},"14":{"start":{"line":36,"column":16},"end":{"line":36,"column":33}},"15":{"start":{"line":38,"column":2},"end":{"line":44,"column":3}},"16":{"start":{"line":39,"column":4},"end":{"line":39,"column":62}},"17":{"start":{"line":40,"column":9},"end":{"line":44,"column":3}},"18":{"start":{"line":41,"column":4},"end":{"line":43,"column":7}},"19":{"start":{"line":45,"column":2},"end":{"line":65,"column":3}},"20":{"start":{"line":46,"column":21},"end":{"line":54,"column":6}},"21":{"start":{"line":56,"column":4},"end":{"line":61,"column":7}},"22":{"start":{"line":63,"column":4},"end":{"line":63,"column":53}},"23":{"start":{"line":64,"column":4},"end":{"line":64,"column":72}},"24":{"start":{"line":69,"column":0},"end":{"line":97,"column":3}},"25":{"start":{"line":70,"column":2},"end":{"line":96,"column":3}},"26":{"start":{"line":71,"column":75},"end":{"line":71,"column":83}},"27":{"start":{"line":73,"column":16},"end":{"line":73,"column":36}},"28":{"start":{"line":74,"column":18},"end":{"line":74,"column":52}},"29":{"start":{"line":76,"column":4},"end":{"line":93,"column":5}},"30":{"start":{"line":77,"column":6},"end":{"line":77,"column":85}},"31":{"start":{"line":78,"column":11},"end":{"line":93,"column":5}},"32":{"start":{"line":79,"column":21},"end":{"line":88,"column":8}},"33":{"start":{"line":90,"column":6},"end":{"line":90,"column":35}},"34":{"start":{"line":92,"column":6},"end":{"line":92,"column":78}},"35":{"start":{"line":95,"column":4},"end":{"line":95,"column":46}},"36":{"start":{"line":99,"column":0},"end":{"line":131,"column":5}},"37":{"start":{"line":101,"column":4},"end":{"line":109,"column":5}},"38":{"start":{"line":103,"column":23},"end":{"line":103,"column":62}},"39":{"start":{"line":106,"column":6},"end":{"line":106,"column":37}},"40":{"start":{"line":108,"column":6},"end":{"line":108,"column":84}},"41":{"start":{"line":112,"column":4},"end":{"line":130,"column":5}},"42":{"start":{"line":114,"column":20},"end":{"line":114,"column":33}},"43":{"start":{"line":116,"column":28},"end":{"line":120,"column":8}},"44":{"start":{"line":123,"column":6},"end":{"line":125,"column":7}},"45":{"start":{"line":124,"column":8},"end":{"line":124,"column":85}},"46":{"start":{"line":127,"column":6},"end":{"line":127,"column":42}},"47":{"start":{"line":129,"column":6},"end":{"line":129,"column":84}}},"fnMap":{"0":{"name":"(anonymous_0)","decl":{"start":{"line":8,"column":24},"end":{"line":8,"column":25}},"loc":{"start":{"line":8,"column":44},"end":{"line":11,"column":1}},"line":8},"1":{"name":"(anonymous_1)","decl":{"start":{"line":16,"column":46},"end":{"line":16,"column":47}},"loc":{"start":{"line":16,"column":66},"end":{"line":27,"column":1}},"line":16},"2":{"name":"(anonymous_2)","decl":{"start":{"line":30,"column":27},"end":{"line":30,"column":28}},"loc":{"start":{"line":30,"column":47},"end":{"line":66,"column":1}},"line":30},"3":{"name":"(anonymous_3)","decl":{"start":{"line":69,"column":25},"end":{"line":69,"column":26}},"loc":{"start":{"line":69,"column":45},"end":{"line":97,"column":1}},"line":69},"4":{"name":"(anonymous_4)","decl":{"start":{"line":100,"column":12},"end":{"line":100,"column":13}},"loc":{"start":{"line":100,"column":32},"end":{"line":110,"column":3}},"line":100},"5":{"name":"(anonymous_5)","decl":{"start":{"line":111,"column":15},"end":{"line":111,"column":16}},"loc":{"start":{"line":111,"column":41},"end":{"line":131,"column":3}},"line":111}},"branchMap":{"0":{"loc":{"start":{"line":38,"column":2},"end":{"line":44,"column":3}},"type":"if","locations":[{"start":{"line":38,"column":2},"end":{"line":44,"column":3}},{"start":{"line":40,"column":9},"end":{"line":44,"column":3}}],"line":38},"1":{"loc":{"start":{"line":40,"column":9},"end":{"line":44,"column":3}},"type":"if","locations":[{"start":{"line":40,"column":9},"end":{"line":44,"column":3}},{"start":{},"end":{}}],"line":40},"2":{"loc":{"start":{"line":40,"column":13},"end":{"line":40,"column":45}},"type":"binary-expr","locations":[{"start":{"line":40,"column":13},"end":{"line":40,"column":35}},{"start":{"line":40,"column":39},"end":{"line":40,"column":45}}],"line":40},"3":{"loc":{"start":{"line":76,"column":4},"end":{"line":93,"column":5}},"type":"if","locations":[{"start":{"line":76,"column":4},"end":{"line":93,"column":5}},{"start":{"line":78,"column":11},"end":{"line":93,"column":5}}],"line":76},"4":{"loc":{"start":{"line":78,"column":11},"end":{"line":93,"column":5}},"type":"if","locations":[{"start":{"line":78,"column":11},"end":{"line":93,"column":5}},{"start":{"line":91,"column":11},"end":{"line":93,"column":5}}],"line":78},"5":{"loc":{"start":{"line":78,"column":15},"end":{"line":78,"column":83}},"type":"binary-expr","locations":[{"start":{"line":78,"column":15},"end":{"line":78,"column":20}},{"start":{"line":78,"column":24},"end":{"line":78,"column":28}},{"start":{"line":78,"column":32},"end":{"line":78,"column":43}},{"start":{"line":78,"column":47},"end":{"line":78,"column":59}},{"start":{"line":78,"column":63},"end":{"line":78,"column":71}},{"start":{"line":78,"column":75},"end":{"line":78,"column":83}}],"line":78},"6":{"loc":{"start":{"line":123,"column":6},"end":{"line":125,"column":7}},"type":"if","locations":[{"start":{"line":123,"column":6},"end":{"line":125,"column":7}},{"start":{},"end":{}}],"line":123}},"s":{"0":1,"1":1,"2":1,"3":1,"4":1,"5":1,"6":1,"7":1,"8":0,"9":1,"10":2,"11":2,"12":2,"13":2,"14":2,"15":2,"16":0,"17":2,"18":1,"19":2,"20":2,"21":1,"22":0,"23":0,"24":1,"25":1,"26":1,"27":1,"28":1,"29":1,"30":0,"31":1,"32":1,"33":1,"34":0,"35":0,"36":1,"37":0,"38":0,"39":0,"40":0,"41":2,"42":2,"43":2,"44":2,"45":1,"46":2,"47":1},"f":{"0":1,"1":1,"2":2,"3":1,"4":0,"5":2},"b":{"0":[0,2],"1":[1,1],"2":[2,2],"3":[0,1],"4":[1,0],"5":[1,1,1,1,1,1],"6":[1,1]},"_coverageSchema":"1a1c01bbd47fc00a2c39e90264f33305004495a9","hash":"e4154430b348c8bdf656d3a6139035bfa0fad059"}
,"/Users/norbadboy/Documents/Front-end/2022-2023/Listing - QA/agency-api.noroff.dev/src/modules/listing/middleware/index.js": {"path":"/Users/norbadboy/Documents/Front-end/2022-2023/Listing - QA/agency-api.noroff.dev/src/modules/listing/middleware/index.js","statementMap":{"0":{"start":{"line":12,"column":1},"end":{"line":23,"column":2}},"1":{"start":{"line":13,"column":2},"end":{"line":17,"column":5}},"2":{"start":{"line":18,"column":2},"end":{"line":20,"column":3}},"3":{"start":{"line":19,"column":3},"end":{"line":19,"column":95}},"4":{"start":{"line":22,"column":2},"end":{"line":22,"column":56}},"5":{"start":{"line":25,"column":1},"end":{"line":25,"column":23}},"6":{"start":{"line":26,"column":1},"end":{"line":26,"column":8}}},"fnMap":{"0":{"name":"checkIfIdExist","decl":{"start":{"line":10,"column":22},"end":{"line":10,"column":36}},"loc":{"start":{"line":10,"column":53},"end":{"line":27,"column":1}},"line":10}},"branchMap":{"0":{"loc":{"start":{"line":18,"column":2},"end":{"line":20,"column":3}},"type":"if","locations":[{"start":{"line":18,"column":2},"end":{"line":20,"column":3}},{"start":{},"end":{}}],"line":18}},"s":{"0":1,"1":1,"2":1,"3":0,"4":0,"5":1,"6":1},"f":{"0":1},"b":{"0":[0,1]},"_coverageSchema":"1a1c01bbd47fc00a2c39e90264f33305004495a9","hash":"5217fe3dc0e16f828ad99e1377139387ac20903a"}
,"/Users/norbadboy/Documents/Front-end/2022-2023/Listing - QA/agency-api.noroff.dev/src/modules/offer/routes.js": {"path":"/Users/norbadboy/Documents/Front-end/2022-2023/Listing - QA/agency-api.noroff.dev/src/modules/offer/routes.js","statementMap":{"0":{"start":{"line":4,"column":28},"end":{"line":4,"column":44}},"1":{"start":{"line":7,"column":0},"end":{"line":9,"column":3}},"2":{"start":{"line":8,"column":2},"end":{"line":8,"column":41}}},"fnMap":{"0":{"name":"(anonymous_0)","decl":{"start":{"line":7,"column":22},"end":{"line":7,"column":23}},"loc":{"start":{"line":7,"column":42},"end":{"line":9,"column":1}},"line":7}},"branchMap":{},"s":{"0":1,"1":1,"2":0},"f":{"0":0},"b":{},"_coverageSchema":"1a1c01bbd47fc00a2c39e90264f33305004495a9","hash":"2b3a53d9d4709171d31020b233b291a79ac4dc26"}
,"/Users/norbadboy/Documents/Front-end/2022-2023/Listing - QA/agency-api.noroff.dev/src/modules/user/routes.js": {"path":"/Users/norbadboy/Documents/Front-end/2022-2023/Listing - QA/agency-api.noroff.dev/src/modules/user/routes.js","statementMap":{"0":{"start":{"line":4,"column":27},"end":{"line":4,"column":43}},"1":{"start":{"line":7,"column":0},"end":{"line":25,"column":3}},"2":{"start":{"line":8,"column":2},"end":{"line":24,"column":3}},"3":{"start":{"line":9,"column":53},"end":{"line":9,"column":61}},"4":{"start":{"line":10,"column":19},"end":{"line":18,"column":6}},"5":{"start":{"line":20,"column":4},"end":{"line":20,"column":21}},"6":{"start":{"line":22,"column":4},"end":{"line":22,"column":21}},"7":{"start":{"line":23,"column":4},"end":{"line":23,"column":34}},"8":{"start":{"line":28,"column":0},"end":{"line":28,"column":51}},"9":{"start":{"line":31,"column":0},"end":{"line":34,"column":3}},"10":{"start":{"line":32,"column":16},"end":{"line":32,"column":52}},"11":{"start":{"line":33,"column":2},"end":{"line":33,"column":18}},"12":{"start":{"line":37,"column":0},"end":{"line":37,"column":48}},"13":{"start":{"line":40,"column":0},"end":{"line":40,"column":48}},"14":{"start":{"line":43,"column":0},"end":{"line":43,"column":51}}},"fnMap":{"0":{"name":"(anonymous_0)","decl":{"start":{"line":7,"column":22},"end":{"line":7,"column":23}},"loc":{"start":{"line":7,"column":42},"end":{"line":25,"column":1}},"line":7},"1":{"name":"(anonymous_1)","decl":{"start":{"line":28,"column":27},"end":{"line":28,"column":28}},"loc":{"start":{"line":28,"column":47},"end":{"line":28,"column":49}},"line":28},"2":{"name":"(anonymous_2)","decl":{"start":{"line":31,"column":21},"end":{"line":31,"column":22}},"loc":{"start":{"line":31,"column":41},"end":{"line":34,"column":1}},"line":31},"3":{"name":"(anonymous_3)","decl":{"start":{"line":37,"column":24},"end":{"line":37,"column":25}},"loc":{"start":{"line":37,"column":44},"end":{"line":37,"column":46}},"line":37},"4":{"name":"(anonymous_4)","decl":{"start":{"line":40,"column":24},"end":{"line":40,"column":25}},"loc":{"start":{"line":40,"column":44},"end":{"line":40,"column":46}},"line":40},"5":{"name":"(anonymous_5)","decl":{"start":{"line":43,"column":27},"end":{"line":43,"column":28}},"loc":{"start":{"line":43,"column":47},"end":{"line":43,"column":49}},"line":43}},"branchMap":{},"s":{"0":1,"1":1,"2":0,"3":0,"4":0,"5":0,"6":0,"7":0,"8":1,"9":1,"10":0,"11":0,"12":1,"13":1,"14":1},"f":{"0":0,"1":0,"2":0,"3":0,"4":0,"5":0},"b":{},"_coverageSchema":"1a1c01bbd47fc00a2c39e90264f33305004495a9","hash":"7116c7d79276bddc688a000a18af997eccd237fa"}
}
