TN:
SF:src/app.js
FN:24,(anonymous_0)
FNF:1
FNH:1
FNDA:1,(anonymous_0)
DA:8,1
DA:10,1
DA:11,1
DA:13,1
DA:19,1
DA:20,1
DA:21,1
DA:22,1
DA:24,1
LF:9
LH:9
BRF:0
BRH:0
end_of_record
TN:
SF:src/prismaClient.js
FNF:0
FNH:0
DA:2,1
LF:1
LH:1
BRF:0
BRH:0
end_of_record
TN:
SF:src/modules/application/routes.js
FN:7,(anonymous_0)
FNF:1
FNH:0
FNDA:0,(anonymous_0)
DA:4,1
DA:7,1
DA:8,0
LF:3
LH:2
BRF:0
BRH:0
end_of_record
TN:
SF:src/modules/listing/routes.js
FN:9,(anonymous_0)
FN:21,(anonymous_1)
FN:47,(anonymous_2)
FN:78,(anonymous_3)
FN:112,(anonymous_4)
FN:132,getListing
FNF:6
FNH:6
FNDA:1,(anonymous_0)
FNDA:2,(anonymous_1)
FNDA:1,(anonymous_2)
FNDA:1,(anonymous_3)
FNDA:1,(anonymous_4)
FNDA:1,getListing
DA:4,1
DA:8,1
DA:10,1
DA:12,1
DA:15,1
DA:18,0
DA:22,2
DA:24,2
DA:26,2
DA:33,2
DA:35,1
DA:40,1
DA:42,0
DA:47,1
DA:48,1
DA:49,1
DA:51,1
DA:52,1
DA:54,1
DA:55,0
DA:56,1
DA:57,1
DA:68,1
DA:70,0
DA:73,0
DA:78,1
DA:79,1
DA:80,1
DA:82,1
DA:83,1
DA:85,1
DA:86,1
DA:95,1
DA:96,0
DA:102,1
DA:107,0
DA:112,1
DA:113,1
DA:114,1
DA:119,1
DA:121,0
DA:134,1
DA:135,1
DA:140,1
DA:142,0
DA:145,0
DA:148,1
DA:149,1
LF:48
LH:38
BRDA:33,0,0,1
BRDA:33,0,1,1
BRDA:54,1,0,0
BRDA:54,1,1,1
BRDA:56,2,0,1
BRDA:56,2,1,0
BRDA:56,3,0,1
BRDA:56,3,1,1
BRDA:56,3,2,1
BRDA:56,3,3,1
BRDA:56,3,4,1
BRDA:56,3,5,1
BRDA:95,4,0,0
BRDA:95,4,1,1
BRDA:140,5,0,0
BRDA:140,5,1,1
BRF:16
BRH:12
end_of_record
TN:
SF:src/modules/offer/routes.js
FN:7,(anonymous_0)
FNF:1
FNH:0
FNDA:0,(anonymous_0)
DA:4,1
DA:7,1
DA:8,0
LF:3
LH:2
BRF:0
BRH:0
end_of_record
TN:
SF:src/modules/user/routes.js
FN:7,(anonymous_0)
FN:28,(anonymous_1)
FN:31,(anonymous_2)
FN:37,(anonymous_3)
FN:40,(anonymous_4)
FN:43,(anonymous_5)
FNF:6
FNH:0
FNDA:0,(anonymous_0)
FNDA:0,(anonymous_1)
FNDA:0,(anonymous_2)
FNDA:0,(anonymous_3)
FNDA:0,(anonymous_4)
FNDA:0,(anonymous_5)
DA:4,1
DA:7,1
DA:8,0
DA:9,0
DA:10,0
DA:20,0
DA:22,0
DA:23,0
DA:28,1
DA:31,1
DA:32,0
DA:33,0
DA:37,1
DA:40,1
DA:43,1
LF:15
LH:7
BRF:0
BRH:0
end_of_record
